# JRE version: Java(TM) SE Runtime Environment (14.0.2+12) (build 14.0.2+12-46)
# Java VM: Java HotSpot(TM) 64-Bit Server VM (14.0.2+12-46, mixed mode, sharing, tiered, compressed oops, g1 gc, windows-amd64)
Heap:
 garbage-first heap   total 90112K, used 39639K [0x0000000081400000, 0x0000000100000000)
  region size 1024K, 10 young (10240K), 1 survivors (1024K)
 Metaspace       used 65802K, capacity 67546K, committed 67760K, reserved 1107968K
  class space    used 8510K, capacity 9195K, committed 9312K, reserved 1048576K
GC Heap History (20 events):
Event: 2298.702 GC heap before
{Heap before GC invocations=32 (full 0):
 garbage-first heap   total 90112K, used 75440K [0x0000000081400000, 0x0000000100000000)
  region size 1024K, 46 young (47104K), 3 survivors (3072K)
 Metaspace       used 64513K, capacity 66239K, committed 66352K, reserved 1105920K
  class space    used 8472K, capacity 9151K, committed 9184K, reserved 1048576K
}
Event: 2298.712 GC heap after
{Heap after GC invocations=33 (full 0):
 garbage-first heap   total 90112K, used 31240K [0x0000000081400000, 0x0000000100000000)
  region size 1024K, 2 young (2048K), 2 survivors (2048K)
 Metaspace       used 64513K, capacity 66239K, committed 66352K, reserved 1105920K
  class space    used 8472K, capacity 9151K, committed 9184K, reserved 1048576K
}
Event: 2525.996 GC heap before
{Heap before GC invocations=33 (full 0):
 garbage-first heap   total 90112K, used 77320K [0x0000000081400000, 0x0000000100000000)
  region size 1024K, 47 young (48128K), 2 survivors (2048K)
 Metaspace       used 64526K, capacity 66239K, committed 66352K, reserved 1105920K
  class space    used 8472K, capacity 9151K, committed 9184K, reserved 1048576K
}
Event: 2526.001 GC heap after
{Heap after GC invocations=34 (full 0):
 garbage-first heap   total 90112K, used 31420K [0x0000000081400000, 0x0000000100000000)
  region size 1024K, 3 young (3072K), 3 survivors (3072K)
 Metaspace       used 64526K, capacity 66239K, committed 66352K, reserved 1105920K
  class space    used 8472K, capacity 9151K, committed 9184K, reserved 1048576K
}
Event: 2746.054 GC heap before
{Heap before GC invocations=34 (full 0):
 garbage-first heap   total 90112K, used 75452K [0x0000000081400000, 0x0000000100000000)
  region size 1024K, 46 young (47104K), 3 survivors (3072K)
 Metaspace       used 64548K, capacity 66303K, committed 66352K, reserved 1105920K
  class space    used 8472K, capacity 9151K, committed 9184K, reserved 1048576K
}
Event: 2746.067 GC heap after
{Heap after GC invocations=35 (full 0):
 garbage-first heap   total 90112K, used 31323K [0x0000000081400000, 0x0000000100000000)
  region size 1024K, 3 young (3072K), 3 survivors (3072K)
 Metaspace       used 64548K, capacity 66303K, committed 66352K, reserved 1105920K
  class space    used 8472K, capacity 9151K, committed 9184K, reserved 1048576K
}
Event: 2967.279 GC heap before
{Heap before GC invocations=35 (full 0):
 garbage-first heap   total 90112K, used 75355K [0x0000000081400000, 0x0000000100000000)
  region size 1024K, 46 young (47104K), 3 survivors (3072K)
 Metaspace       used 64548K, capacity 66303K, committed 66352K, reserved 1105920K
  class space    used 8472K, capacity 9151K, committed 9184K, reserved 1048576K
}
Event: 2967.283 GC heap after
{Heap after GC invocations=36 (full 0):
 garbage-first heap   total 90112K, used 31326K [0x0000000081400000, 0x0000000100000000)
  region size 1024K, 3 young (3072K), 3 survivors (3072K)
 Metaspace       used 64548K, capacity 66303K, committed 66352K, reserved 1105920K
  class space    used 8472K, capacity 9151K, committed 9184K, reserved 1048576K
}
Event: 3179.001 GC heap before
{Heap before GC invocations=36 (full 0):
 garbage-first heap   total 90112K, used 75358K [0x0000000081400000, 0x0000000100000000)
  region size 1024K, 46 young (47104K), 3 survivors (3072K)
 Metaspace       used 64548K, capacity 66303K, committed 66352K, reserved 1105920K
  class space    used 8472K, capacity 9151K, committed 9184K, reserved 1048576K
}
Event: 3179.005 GC heap after
{Heap after GC invocations=37 (full 0):
 garbage-first heap   total 90112K, used 31416K [0x0000000081400000, 0x0000000100000000)
  region size 1024K, 3 young (3072K), 3 survivors (3072K)
 Metaspace       used 64548K, capacity 66303K, committed 66352K, reserved 1105920K
  class space    used 8472K, capacity 9151K, committed 9184K, reserved 1048576K
}
Event: 3388.086 GC heap before
{Heap before GC invocations=37 (full 0):
 garbage-first heap   total 90112K, used 75448K [0x0000000081400000, 0x0000000100000000)
  region size 1024K, 46 young (47104K), 3 survivors (3072K)
 Metaspace       used 64773K, capacity 66527K, committed 66608K, reserved 1107968K
  class space    used 8476K, capacity 9159K, committed 9184K, reserved 1048576K
}
Event: 3388.092 GC heap after
{Heap after GC invocations=38 (full 0):
 garbage-first heap   total 90112K, used 31434K [0x0000000081400000, 0x0000000100000000)
  region size 1024K, 1 young (1024K), 1 survivors (1024K)
 Metaspace       used 64773K, capacity 66527K, committed 66608K, reserved 1107968K
  class space    used 8476K, capacity 9159K, committed 9184K, reserved 1048576K
}
Event: 3606.389 GC heap before
{Heap before GC invocations=38 (full 0):
 garbage-first heap   total 90112K, used 78538K [0x0000000081400000, 0x0000000100000000)
  region size 1024K, 47 young (48128K), 1 survivors (1024K)
 Metaspace       used 64903K, capacity 66662K, committed 66864K, reserved 1107968K
  class space    used 8477K, capacity 9160K, committed 9184K, reserved 1048576K
}
Event: 3606.391 GC heap after
{Heap after GC invocations=39 (full 0):
 garbage-first heap   total 90112K, used 31591K [0x0000000081400000, 0x0000000100000000)
  region size 1024K, 1 young (1024K), 1 survivors (1024K)
 Metaspace       used 64903K, capacity 66662K, committed 66864K, reserved 1107968K
  class space    used 8477K, capacity 9160K, committed 9184K, reserved 1048576K
}
Event: 3805.074 GC heap before
{Heap before GC invocations=39 (full 0):
 garbage-first heap   total 90112K, used 77671K [0x0000000081400000, 0x0000000100000000)
  region size 1024K, 46 young (47104K), 1 survivors (1024K)
 Metaspace       used 65206K, capacity 66986K, committed 67120K, reserved 1107968K
  class space    used 8477K, capacity 9161K, committed 9184K, reserved 1048576K
}
Event: 3805.078 GC heap after
{Heap after GC invocations=40 (full 0):
 garbage-first heap   total 90112K, used 31435K [0x0000000081400000, 0x0000000100000000)
  region size 1024K, 1 young (1024K), 1 survivors (1024K)
 Metaspace       used 65206K, capacity 66986K, committed 67120K, reserved 1107968K
  class space    used 8477K, capacity 9161K, committed 9184K, reserved 1048576K
}
Event: 4011.921 GC heap before
{Heap before GC invocations=40 (full 0):
 garbage-first heap   total 90112K, used 78539K [0x0000000081400000, 0x0000000100000000)
  region size 1024K, 47 young (48128K), 1 survivors (1024K)
 Metaspace       used 65403K, capacity 67180K, committed 67376K, reserved 1107968K
  class space    used 8477K, capacity 9161K, committed 9184K, reserved 1048576K
}
Event: 4011.937 GC heap after
{Heap after GC invocations=41 (full 0):
 garbage-first heap   total 90112K, used 31446K [0x0000000081400000, 0x0000000100000000)
  region size 1024K, 1 young (1024K), 1 survivors (1024K)
 Metaspace       used 65403K, capacity 67180K, committed 67376K, reserved 1107968K
  class space    used 8477K, capacity 9161K, committed 9184K, reserved 1048576K
}
Event: 4248.935 GC heap before
{Heap before GC invocations=41 (full 0):
 garbage-first heap   total 90112K, used 78550K [0x0000000081400000, 0x0000000100000000)
  region size 1024K, 47 young (48128K), 1 survivors (1024K)
 Metaspace       used 65449K, capacity 67252K, committed 67376K, reserved 1107968K
  class space    used 8478K, capacity 9162K, committed 9184K, reserved 1048576K
}
Event: 4248.938 GC heap after
{Heap after GC invocations=42 (full 0):
 garbage-first heap   total 90112K, used 31447K [0x0000000081400000, 0x0000000100000000)
  region size 1024K, 1 young (1024K), 1 survivors (1024K)
 Metaspace       used 65449K, capacity 67252K, committed 67376K, reserved 1107968K
  class space    used 8478K, capacity 9162K, committed 9184K, reserved 1048576K
}

